#
# A fatal error has been detected by the Java Runtime Environment:
#
#  EXCEPTION_ACCESS_VIOLATION (0xc0000005) at pc=0x00007ff8fbc0f74a, pid=16460, tid=10904
#
# JRE version: Java(TM) SE Runtime Environment (14.0.2+12) (build 14.0.2+12-46)
# Java VM: Java HotSpot(TM) 64-Bit Server VM (14.0.2+12-46, mixed mode, sharing, tiered, compressed oops, g1 gc, windows-amd64)
# Problematic frame:
# C  [awt.dll+0x8f74a]
#
# No core dump will be written. Minidumps are not enabled by default on client versions of Windows
#
# If you would like to submit a bug report, please visit:
#   https://bugreport.java.com/bugreport/crash.jsp
# The crash happened outside the Java Virtual Machine in native code.
# See problematic frame for where to report the bug.
#

---------------  S U M M A R Y ------------

Command Line: -Dfile.encoding=UTF-8 OtoSample01

Host: Intel(R) Core(TM) i5-10500T CPU @ 2.30GHz, 12 cores, 15G,  Windows 10 , 64 bit Build 19041 (10.0.19041.1348)
Time: Thu Jan 20 12:32:10 2022 ìåãû (ïWèÄéû) elapsed time: 0 seconds (0d 0h 0m 0s)

---------------  T H R E A D  ---------------

Current thread (0x000001b8ad777800):  JavaThread "main" [_thread_in_native, id=10904, stack(0x000000adb7500000,0x000000adb7600000)]

Stack: [0x000000adb7500000,0x000000adb7600000],  sp=0x000000adb75feb40,  free space=1018k
Native frames: (J=compiled Java code, j=interpreted, Vv=VM code, C=native code)
C  [awt.dll+0x8f74a]

Java frames: (J=compiled Java code, j=interpreted, Vv=VM code)
j  sun.awt.windows.WComponentPeer._setFont(Ljava/awt/Font;)V+0 java.desktop@14.0.2
j  sun.awt.windows.WComponentPeer.setFont(Ljava/awt/Font;)V+7 java.desktop@14.0.2
j  sun.awt.windows.WWindowPeer.initialize()V+42 java.desktop@14.0.2
j  sun.awt.windows.WFramePeer.initialize()V+1 java.desktop@14.0.2
j  sun.awt.windows.WComponentPeer.<init>(Ljava/awt/Component;)V+83 java.desktop@14.0.2
j  sun.awt.windows.WCanvasPeer.<init>(Ljava/awt/Component;)V+2 java.desktop@14.0.2
j  sun.awt.windows.WPanelPeer.<init>(Ljava/awt/Component;)V+2 java.desktop@14.0.2
j  sun.awt.windows.WWindowPeer.<init>(Ljava/awt/Window;)V+2 java.desktop@14.0.2
j  sun.awt.windows.WFramePeer.<init>(Ljava/awt/Frame;)V+2 java.desktop@14.0.2
j  sun.awt.windows.WToolkit.createFrame(Ljava/awt/Frame;)Ljava/awt/peer/FramePeer;+5 java.desktop@14.0.2
j  java.awt.Frame.addNotify()V+20 java.desktop@14.0.2
j  java.awt.Window.show()V+8 java.desktop@14.0.2
j  java.awt.Component.show(Z)V+5 java.desktop@14.0.2
j  java.awt.Component.setVisible(Z)V+2 java.desktop@14.0.2
j  java.awt.Window.setVisible(Z)V+2 java.desktop@14.0.2
j  jp.jc21.t.yoshizawa.otopika.Otopika.<init>()V+36
j  OtoSample01.main([Ljava/lang/String;)V+4
v  ~StubRoutines::call_stub

siginfo: EXCEPTION_ACCESS_VIOLATION (0xc0000005), reading address 0x0000000000000058


Register to memory mapping:

RIP=0x00007ff8fbc0f74a awt.dll
RAX=0x00007ff8fbc8b660 awt.dll
RBX=0x000001b8ad777b10 points into unknown readable memory: a0 1a ab fc f8 7f 00 00
RCX=0x000001b8d46022f0 points into unknown readable memory: 60 b6 c8 fb f8 7f 00 00
RDX=0x0 is NULL
RSP=0x000000adb75feb40 is pointing into the stack for thread: 0x000001b8ad777800
RBP=0x0 is NULL
RSI=0x000001b8d45c4178 is a global jni handle
RDI=0x000001b8d45c4180 is a global jni handle
R8 =0x0000000000000042 is an unknown value
R9 =0x0000000800b451c8 is a pointer to class: 
java.awt.Font {0x0000000800b451d0}
R10=0x0000000000008000 is an unknown value
R11=0x000000adb75feb40 is pointing into the stack for thread: 0x000001b8ad777800
R12=0x0 is NULL
R13={method} {0x000001b8d38ba250} '_setFont' '(Ljava/awt/Font;)V' in 'sun/awt/windows/WComponentPeer'
R14=0x000001b8d46022f0 points into unknown readable memory: 60 b6 c8 fb f8 7f 00 00
R15=0x000001b8d4620580 points into unknown readable memory: 78 41 5c d4 b8 01 00 00


Registers:
RAX=0x00007ff8fbc8b660, RBX=0x000001b8ad777b10, RCX=0x000001b8d46022f0, RDX=0x0000000000000000
RSP=0x000000adb75feb40, RBP=0x0000000000000000, RSI=0x000001b8d45c4178, RDI=0x000001b8d45c4180
R8 =0x0000000000000042, R9 =0x0000000800b451c8, R10=0x0000000000008000, R11=0x000000adb75feb40
R12=0x0000000000000000, R13=0x000001b8d38ba248, R14=0x000001b8d46022f0, R15=0x000001b8d4620580
RIP=0x00007ff8fbc0f74a, EFLAGS=0x0000000000010202

Top of Stack: (sp=0x000000adb75feb40)
0x000000adb75feb40:   000001b8d4620580 000001b8d46022f0
0x000000adb75feb50:   000001b8d4620580 000001b8d46022f0
0x000000adb75feb60:   000001b8d45c4180 00007ff8fbc14655
0x000000adb75feb70:   000001b8ad777b10 000001b8ad777b10
0x000000adb75feb80:   0000000000000000 000001b8d45c4178
0x000000adb75feb90:   000001b8ad777800 000000adb75fece0
0x000000adb75feba0:   000001b8d4620580 00007ff8fbc4d59b
0x000000adb75febb0:   00007ff8fbcd0018 000000adb75fecb8
0x000000adb75febc0:   00007ff8fbc14528 0000000000000000
0x000000adb75febd0:   fffffffffffffffe fffffffffffffffe
0x000000adb75febe0:   000001b8d45c4178 00007ff8fbc1581c
0x000000adb75febf0:   000001b8d45c4180 000000adb75fecd8
0x000000adb75fec00:   000000adb75fecd8 00007ff8fbcd0018
0x000000adb75fec10:   fffffffffffffffe 00007ff8fc6a2f79
0x000000adb75fec20:   000001b8b775a1b3 000001b8b77600b4
0x000000adb75fec30:   000001b8d38ba248 0000000000000000 

Instructions: (pc=0x00007ff8fbc0f74a)
0x00007ff8fbc0f64a:   00 48 8b d9 e8 d9 dc ff ff 48 8b f8 48 85 c0 75
0x00007ff8fbc0f65a:   04 48 8b 7b 48 48 8b cf e8 b3 16 05 00 48 8b d8
0x00007ff8fbc0f66a:   48 85 c0 74 60 83 64 24 20 00 0f 57 c0 83 64 24
0x00007ff8fbc0f67a:   34 00 b9 11 00 00 00 83 64 24 38 00 f3 0f 7f 44
0x00007ff8fbc0f68a:   24 24 ff 15 86 cc 0b 00 4c 8d 44 24 40 ba 5c 00
0x00007ff8fbc0f69a:   00 00 48 8b c8 ff 15 2b cf 0b 00 83 f8 5c 75 0d
0x00007ff8fbc0f6aa:   48 8d 54 24 40 48 8b cb e8 12 17 05 00 48 8d 54
0x00007ff8fbc0f6ba:   24 20 48 8b cb e8 29 17 05 00 48 8b d3 48 8b cf
0x00007ff8fbc0f6ca:   e8 d6 16 05 00 48 8b 8c 24 a0 00 00 00 48 33 cc
0x00007ff8fbc0f6da:   e8 01 24 05 00 48 8b 9c 24 c8 00 00 00 48 81 c4
0x00007ff8fbc0f6ea:   b0 00 00 00 5f c3 40 53 48 83 ec 20 48 8b d9 ff
0x00007ff8fbc0f6fa:   15 69 d4 0b 00 48 85 c0 75 0a 48 8b 4b 48 ff 15
0x00007ff8fbc0f70a:   52 d4 0b 00 48 83 c4 20 5b c3 4c 63 c2 48 8b 15
0x00007ff8fbc0f71a:   2a b8 0b 00 48 ff 25 e3 d2 0b 00 cc cc cc 48 8b
0x00007ff8fbc0f72a:   d1 48 8b 0d 1e e8 0b 00 48 89 15 17 e8 0b 00 e9
0x00007ff8fbc0f73a:   f6 63 04 00 cc cc 48 89 5c 24 08 57 48 83 ec 20
0x00007ff8fbc0f74a:   83 7a 58 00 48 8b da 48 8b f9 7d 08 48 8b ca e8
0x00007ff8fbc0f75a:   4a 95 01 00 4c 8b 43 48 45 33 c9 48 8b 4f 48 4d
0x00007ff8fbc0f76a:   8b 00 41 8d 51 30 ff 15 5a d5 0b 00 48 8b 4f 48
0x00007ff8fbc0f77a:   33 d2 44 8d 42 01 48 8b 5c 24 30 48 83 c4 20 5f
0x00007ff8fbc0f78a:   48 ff 25 f7 d3 0b 00 cc cc cc 48 8b c4 48 89 58
0x00007ff8fbc0f79a:   08 48 89 68 10 48 89 70 18 48 89 78 20 41 56 48
0x00007ff8fbc0f7aa:   83 ec 20 4c 8b f2 48 8b f9 48 8b 0d 3e 06 0c 00
0x00007ff8fbc0f7ba:   ba 02 00 01 00 41 8b e8 e8 24 22 05 00 48 8b 97
0x00007ff8fbc0f7ca:   c0 00 00 00 33 db 48 8b f0 48 85 d2 74 0d 4c 8b
0x00007ff8fbc0f7da:   08 48 8b c8 41 ff 91 b0 00 00 00 4d 85 f6 74 14
0x00007ff8fbc0f7ea:   48 8b 06 49 8b d6 48 8b ce ff 90 a8 00 00 00 48
0x00007ff8fbc0f7fa:   8b d8 eb 05 bd 01 00 00 00 48 89 9f c0 00 00 00
0x00007ff8fbc0f80a:   89 af c8 00 00 00 48 8b 5c 24 30 48 8b 6c 24 38
0x00007ff8fbc0f81a:   48 8b 74 24 40 48 8b 7c 24 48 48 83 c4 20 41 5e
0x00007ff8fbc0f82a:   c3 cc 48 89 5c 24 08 48 89 6c 24 10 48 89 74 24
0x00007ff8fbc0f83a:   18 57 48 83 ec 20 33 db 48 8b f9 48 85 c9 75 09 


Stack slot to memory mapping:
stack at sp + 0 slots: 0x000001b8d4620580 points into unknown readable memory: 78 41 5c d4 b8 01 00 00
stack at sp + 1 slots: 0x000001b8d46022f0 points into unknown readable memory: 60 b6 c8 fb f8 7f 00 00
stack at sp + 2 slots: 0x000001b8d4620580 points into unknown readable memory: 78 41 5c d4 b8 01 00 00
stack at sp + 3 slots: 0x000001b8d46022f0 points into unknown readable memory: 60 b6 c8 fb f8 7f 00 00
stack at sp + 4 slots: 0x000001b8d45c4180 is a global jni handle
stack at sp + 5 slots: 0x00007ff8fbc14655 awt.dll
stack at sp + 6 slots: 0x000001b8ad777b10 points into unknown readable memory: a0 1a ab fc f8 7f 00 00
stack at sp + 7 slots: 0x000001b8ad777b10 points into unknown readable memory: a0 1a ab fc f8 7f 00 00


---------------  P R O C E S S  ---------------

Threads class SMR info:
_java_thread_list=0x000001b8d40423f0, length=15, elements={
0x000001b8ad777800, 0x000001b8d3797800, 0x000001b8d3799800, 0x000001b8d4048800,
0x000001b8d404b000, 0x000001b8d37ba000, 0x000001b8d37bd000, 0x000001b8d37be000,
0x000001b8d406b800, 0x000001b8d41cd800, 0x000001b8d41d5800, 0x000001b8d456e000,
0x000001b8d4572000, 0x000001b8d4577800, 0x000001b8d4603000
}

Java Threads: ( => current thread )
=>0x000001b8ad777800 JavaThread "main" [_thread_in_native, id=10904, stack(0x000000adb7500000,0x000000adb7600000)]
  0x000001b8d3797800 JavaThread "Reference Handler" daemon [_thread_blocked, id=23124, stack(0x000000adb7c00000,0x000000adb7d00000)]
  0x000001b8d3799800 JavaThread "Finalizer" daemon [_thread_blocked, id=21676, stack(0x000000adb7d00000,0x000000adb7e00000)]
  0x000001b8d4048800 JavaThread "Signal Dispatcher" daemon [_thread_blocked, id=6596, stack(0x000000adb7e00000,0x000000adb7f00000)]
  0x000001b8d404b000 JavaThread "Attach Listener" daemon [_thread_blocked, id=26064, stack(0x000000adb7f00000,0x000000adb8000000)]
  0x000001b8d37ba000 JavaThread "Service Thread" daemon [_thread_blocked, id=20920, stack(0x000000adb8000000,0x000000adb8100000)]
  0x000001b8d37bd000 JavaThread "C2 CompilerThread0" daemon [_thread_blocked, id=20564, stack(0x000000adb8100000,0x000000adb8200000)]
  0x000001b8d37be000 JavaThread "C1 CompilerThread0" daemon [_thread_blocked, id=25216, stack(0x000000adb8200000,0x000000adb8300000)]
  0x000001b8d406b800 JavaThread "Sweeper thread" daemon [_thread_blocked, id=23864, stack(0x000000adb8300000,0x000000adb8400000)]
  0x000001b8d41cd800 JavaThread "Notification Thread" daemon [_thread_blocked, id=25524, stack(0x000000adb8400000,0x000000adb8500000)]
  0x000001b8d41d5800 JavaThread "Common-Cleaner" daemon [_thread_blocked, id=17964, stack(0x000000adb8600000,0x000000adb8700000)]
  0x000001b8d456e000 JavaThread "Java2D Disposer" daemon [_thread_blocked, id=24524, stack(0x000000adb8700000,0x000000adb8800000)]
  0x000001b8d4572000 JavaThread "AWT-Shutdown" [_thread_blocked, id=20756, stack(0x000000adb8800000,0x000000adb8900000)]
  0x000001b8d4577800 JavaThread "AWT-Windows" daemon [_thread_in_native, id=11984, stack(0x000000adb8900000,0x000000adb8a00000)]
  0x000001b8d4603000 JavaThread "AWT-EventQueue-0" [_thread_blocked, id=20664, stack(0x000000adb8a00000,0x000000adb8b00000)]

Other Threads:
  0x000001b8d3796800 VMThread "VM Thread" [stack: 0x000000adb7b00000,0x000000adb7c00000] [id=24604]
  0x000001b8d41d0800 WatcherThread [stack: 0x000000adb8500000,0x000000adb8600000] [id=16276]
  0x000001b8ad7e3000 GCTaskThread "GC Thread#0" [stack: 0x000000adb7600000,0x000000adb7700000] [id=26604]
  0x000001b8ad805000 ConcurrentGCThread "G1 Main Marker" [stack: 0x000000adb7700000,0x000000adb7800000] [id=23716]
  0x000001b8ad806000 ConcurrentGCThread "G1 Conc#0" [stack: 0x000000adb7800000,0x000000adb7900000] [id=16036]
  0x000001b8d3686000 ConcurrentGCThread "G1 Refine#0" [stack: 0x000000adb7900000,0x000000adb7a00000] [id=23368]
  0x000001b8d3687000 ConcurrentGCThread "G1 Young RemSet Sampling" [stack: 0x000000adb7a00000,0x000000adb7b00000] [id=12544]

Threads with active compile tasks:

VM state:not at safepoint (normal execution)

VM Mutex/Monitor currently owned by a thread: None

Heap address: 0x0000000703800000, size: 4040 MB, Compressed Oops mode: Zero based, Oop shift amount: 3
Narrow klass base: 0x0000000800000000, Narrow klass shift: 3
Compressed class space size: 1073741824 Address: 0x0000000800b30000

Heap:
 garbage-first heap   total 260096K, used 4096K [0x0000000703800000, 0x0000000800000000)
  region size 1024K, 5 young (5120K), 0 survivors (0K)
 Metaspace       used 5188K, capacity 5421K, committed 5632K, reserved 1056768K
  class space    used 583K, capacity 693K, committed 768K, reserved 1048576K
Heap Regions: E=young(eden), S=young(survivor), O=old, HS=humongous(starts), HC=humongous(continues), CS=collection set, F=free, OA=open archive, CA=closed archive, TAMS=top-at-mark-start (previous, next)
|   0|0x0000000703800000, 0x0000000703800000, 0x0000000703900000|  0%| F|  |TAMS 0x0000000703800000, 0x0000000703800000| Untracked 
|   1|0x0000000703900000, 0x0000000703900000, 0x0000000703a00000|  0%| F|  |TAMS 0x0000000703900000, 0x0000000703900000| Untracked 
|   2|0x0000000703a00000, 0x0000000703a00000, 0x0000000703b00000|  0%| F|  |TAMS 0x0000000703a00000, 0x0000000703a00000| Untracked 
|   3|0x0000000703b00000, 0x0000000703b00000, 0x0000000703c00000|  0%| F|  |TAMS 0x0000000703b00000, 0x0000000703b00000| Untracked 
|   4|0x0000000703c00000, 0x0000000703c00000, 0x0000000703d00000|  0%| F|  |TAMS 0x0000000703c00000, 0x0000000703c00000| Untracked 
|   5|0x0000000703d00000, 0x0000000703d00000, 0x0000000703e00000|  0%| F|  |TAMS 0x0000000703d00000, 0x0000000703d00000| Untracked 
|   6|0x0000000703e00000, 0x0000000703e00000, 0x0000000703f00000|  0%| F|  |TAMS 0x0000000703e00000, 0x0000000703e00000| Untracked 
|   7|0x0000000703f00000, 0x0000000703f00000, 0x0000000704000000|  0%| F|  |TAMS 0x0000000703f00000, 0x0000000703f00000| Untracked 
|   8|0x0000000704000000, 0x0000000704000000, 0x0000000704100000|  0%| F|  |TAMS 0x0000000704000000, 0x0000000704000000| Untracked 
|   9|0x0000000704100000, 0x0000000704100000, 0x0000000704200000|  0%| F|  |TAMS 0x0000000704100000, 0x0000000704100000| Untracked 
|  10|0x0000000704200000, 0x0000000704200000, 0x0000000704300000|  0%| F|  |TAMS 0x0000000704200000, 0x0000000704200000| Untracked 
|  11|0x0000000704300000, 0x0000000704300000, 0x0000000704400000|  0%| F|  |TAMS 0x0000000704300000, 0x0000000704300000| Untracked 
|  12|0x0000000704400000, 0x0000000704400000, 0x0000000704500000|  0%| F|  |TAMS 0x0000000704400000, 0x0000000704400000| Untracked 
|  13|0x0000000704500000, 0x0000000704500000, 0x0000000704600000|  0%| F|  |TAMS 0x0000000704500000, 0x0000000704500000| Untracked 
|  14|0x0000000704600000, 0x0000000704600000, 0x0000000704700000|  0%| F|  |TAMS 0x0000000704600000, 0x0000000704600000| Untracked 
|  15|0x0000000704700000, 0x0000000704700000, 0x0000000704800000|  0%| F|  |TAMS 0x0000000704700000, 0x0000000704700000| Untracked 
|  16|0x0000000704800000, 0x0000000704800000, 0x0000000704900000|  0%| F|  |TAMS 0x0000000704800000, 0x0000000704800000| Untracked 
|  17|0x0000000704900000, 0x0000000704900000, 0x0000000704a00000|  0%| F|  |TAMS 0x0000000704900000, 0x0000000704900000| Untracked 
|  18|0x0000000704a00000, 0x0000000704a00000, 0x0000000704b00000|  0%| F|  |TAMS 0x0000000704a00000, 0x0000000704a00000| Untracked 
|  19|0x0000000704b00000, 0x0000000704b00000, 0x0000000704c00000|  0%| F|  |TAMS 0x0000000704b00000, 0x0000000704b00000| Untracked 
|  20|0x0000000704c00000, 0x0000000704c00000, 0x0000000704d00000|  0%| F|  |TAMS 0x0000000704c00000, 0x0000000704c00000| Untracked 
|  21|0x0000000704d00000, 0x0000000704d00000, 0x0000000704e00000|  0%| F|  |TAMS 0x0000000704d00000, 0x0000000704d00000| Untracked 
|  22|0x0000000704e00000, 0x0000000704e00000, 0x0000000704f00000|  0%| F|  |TAMS 0x0000000704e00000, 0x0000000704e00000| Untracked 
|  23|0x0000000704f00000, 0x0000000704f00000, 0x0000000705000000|  0%| F|  |TAMS 0x0000000704f00000, 0x0000000704f00000| Untracked 
|  24|0x0000000705000000, 0x0000000705000000, 0x0000000705100000|  0%| F|  |TAMS 0x0000000705000000, 0x0000000705000000| Untracked 
|  25|0x0000000705100000, 0x0000000705100000, 0x0000000705200000|  0%| F|  |TAMS 0x0000000705100000, 0x0000000705100000| Untracked 
|  26|0x0000000705200000, 0x0000000705200000, 0x0000000705300000|  0%| F|  |TAMS 0x0000000705200000, 0x0000000705200000| Untracked 
|  27|0x0000000705300000, 0x0000000705300000, 0x0000000705400000|  0%| F|  |TAMS 0x0000000705300000, 0x0000000705300000| Untracked 
|  28|0x0000000705400000, 0x0000000705400000, 0x0000000705500000|  0%| F|  |TAMS 0x0000000705400000, 0x0000000705400000| Untracked 
|  29|0x0000000705500000, 0x0000000705500000, 0x0000000705600000|  0%| F|  |TAMS 0x0000000705500000, 0x0000000705500000| Untracked 
|  30|0x0000000705600000, 0x0000000705600000, 0x0000000705700000|  0%| F|  |TAMS 0x0000000705600000, 0x0000000705600000| Untracked 
|  31|0x0000000705700000, 0x0000000705700000, 0x0000000705800000|  0%| F|  |TAMS 0x0000000705700000, 0x0000000705700000| Untracked 
|  32|0x0000000705800000, 0x0000000705800000, 0x0000000705900000|  0%| F|  |TAMS 0x0000000705800000, 0x0000000705800000| Untracked 
|  33|0x0000000705900000, 0x0000000705900000, 0x0000000705a00000|  0%| F|  |TAMS 0x0000000705900000, 0x0000000705900000| Untracked 
|  34|0x0000000705a00000, 0x0000000705a00000, 0x0000000705b00000|  0%| F|  |TAMS 0x0000000705a00000, 0x0000000705a00000| Untracked 
|  35|0x0000000705b00000, 0x0000000705b00000, 0x0000000705c00000|  0%| F|  |TAMS 0x0000000705b00000, 0x0000000705b00000| Untracked 
|  36|0x0000000705c00000, 0x0000000705c00000, 0x0000000705d00000|  0%| F|  |TAMS 0x0000000705c00000, 0x0000000705c00000| Untracked 
|  37|0x0000000705d00000, 0x0000000705d00000, 0x0000000705e00000|  0%| F|  |TAMS 0x0000000705d00000, 0x0000000705d00000| Untracked 
|  38|0x0000000705e00000, 0x0000000705e00000, 0x0000000705f00000|  0%| F|  |TAMS 0x0000000705e00000, 0x0000000705e00000| Untracked 
|  39|0x0000000705f00000, 0x0000000705f00000, 0x0000000706000000|  0%| F|  |TAMS 0x0000000705f00000, 0x0000000705f00000| Untracked 
|  40|0x0000000706000000, 0x0000000706000000, 0x0000000706100000|  0%| F|  |TAMS 0x0000000706000000, 0x0000000706000000| Untracked 
|  41|0x0000000706100000, 0x0000000706100000, 0x0000000706200000|  0%| F|  |TAMS 0x0000000706100000, 0x0000000706100000| Untracked 
|  42|0x0000000706200000, 0x0000000706200000, 0x0000000706300000|  0%| F|  |TAMS 0x0000000706200000, 0x0000000706200000| Untracked 
|  43|0x0000000706300000, 0x0000000706300000, 0x0000000706400000|  0%| F|  |TAMS 0x0000000706300000, 0x0000000706300000| Untracked 
|  44|0x0000000706400000, 0x0000000706400000, 0x0000000706500000|  0%| F|  |TAMS 0x0000000706400000, 0x0000000706400000| Untracked 
|  45|0x0000000706500000, 0x0000000706500000, 0x0000000706600000|  0%| F|  |TAMS 0x0000000706500000, 0x0000000706500000| Untracked 
|  46|0x0000000706600000, 0x0000000706600000, 0x0000000706700000|  0%| F|  |TAMS 0x0000000706600000, 0x0000000706600000| Untracked 
|  47|0x0000000706700000, 0x0000000706700000, 0x0000000706800000|  0%| F|  |TAMS 0x0000000706700000, 0x0000000706700000| Untracked 
|  48|0x0000000706800000, 0x0000000706800000, 0x0000000706900000|  0%| F|  |TAMS 0x0000000706800000, 0x0000000706800000| Untracked 
|  49|0x0000000706900000, 0x0000000706900000, 0x0000000706a00000|  0%| F|  |TAMS 0x0000000706900000, 0x0000000706900000| Untracked 
|  50|0x0000000706a00000, 0x0000000706a00000, 0x0000000706b00000|  0%| F|  |TAMS 0x0000000706a00000, 0x0000000706a00000| Untracked 
|  51|0x0000000706b00000, 0x0000000706b00000, 0x0000000706c00000|  0%| F|  |TAMS 0x0000000706b00000, 0x0000000706b00000| Untracked 
|  52|0x0000000706c00000, 0x0000000706c00000, 0x0000000706d00000|  0%| F|  |TAMS 0x0000000706c00000, 0x0000000706c00000| Untracked 
|  53|0x0000000706d00000, 0x0000000706d00000, 0x0000000706e00000|  0%| F|  |TAMS 0x0000000706d00000, 0x0000000706d00000| Untracked 
|  54|0x0000000706e00000, 0x0000000706e00000, 0x0000000706f00000|  0%| F|  |TAMS 0x0000000706e00000, 0x0000000706e00000| Untracked 
|  55|0x0000000706f00000, 0x0000000706f00000, 0x0000000707000000|  0%| F|  |TAMS 0x0000000706f00000, 0x0000000706f00000| Untracked 
|  56|0x0000000707000000, 0x0000000707000000, 0x0000000707100000|  0%| F|  |TAMS 0x0000000707000000, 0x0000000707000000| Untracked 
|  57|0x0000000707100000, 0x0000000707100000, 0x0000000707200000|  0%| F|  |TAMS 0x0000000707100000, 0x0000000707100000| Untracked 
|  58|0x0000000707200000, 0x0000000707200000, 0x0000000707300000|  0%| F|  |TAMS 0x0000000707200000, 0x0000000707200000| Untracked 
|  59|0x0000000707300000, 0x0000000707300000, 0x0000000707400000|  0%| F|  |TAMS 0x0000000707300000, 0x0000000707300000| Untracked 
|  60|0x0000000707400000, 0x0000000707400000, 0x0000000707500000|  0%| F|  |TAMS 0x0000000707400000, 0x0000000707400000| Untracked 
|  61|0x0000000707500000, 0x0000000707500000, 0x0000000707600000|  0%| F|  |TAMS 0x0000000707500000, 0x0000000707500000| Untracked 
|  62|0x0000000707600000, 0x0000000707600000, 0x0000000707700000|  0%| F|  |TAMS 0x0000000707600000, 0x0000000707600000| Untracked 
|  63|0x0000000707700000, 0x0000000707700000, 0x0000000707800000|  0%| F|  |TAMS 0x0000000707700000, 0x0000000707700000| Untracked 
|  64|0x0000000707800000, 0x0000000707800000, 0x0000000707900000|  0%| F|  |TAMS 0x0000000707800000, 0x0000000707800000| Untracked 
|  65|0x0000000707900000, 0x0000000707900000, 0x0000000707a00000|  0%| F|  |TAMS 0x0000000707900000, 0x0000000707900000| Untracked 
|  66|0x0000000707a00000, 0x0000000707a00000, 0x0000000707b00000|  0%| F|  |TAMS 0x0000000707a00000, 0x0000000707a00000| Untracked 
|  67|0x0000000707b00000, 0x0000000707b00000, 0x0000000707c00000|  0%| F|  |TAMS 0x0000000707b00000, 0x0000000707b00000| Untracked 
|  68|0x0000000707c00000, 0x0000000707c00000, 0x0000000707d00000|  0%| F|  |TAMS 0x0000000707c00000, 0x0000000707c00000| Untracked 
|  69|0x0000000707d00000, 0x0000000707d00000, 0x0000000707e00000|  0%| F|  |TAMS 0x0000000707d00000, 0x0000000707d00000| Untracked 
|  70|0x0000000707e00000, 0x0000000707e00000, 0x0000000707f00000|  0%| F|  |TAMS 0x0000000707e00000, 0x0000000707e00000| Untracked 
|  71|0x0000000707f00000, 0x0000000707f00000, 0x0000000708000000|  0%| F|  |TAMS 0x0000000707f00000, 0x0000000707f00000| Untracked 
|  72|0x0000000708000000, 0x0000000708000000, 0x0000000708100000|  0%| F|  |TAMS 0x0000000708000000, 0x0000000708000000| Untracked 
|  73|0x0000000708100000, 0x0000000708100000, 0x0000000708200000|  0%| F|  |TAMS 0x0000000708100000, 0x0000000708100000| Untracked 
|  74|0x0000000708200000, 0x0000000708200000, 0x0000000708300000|  0%| F|  |TAMS 0x0000000708200000, 0x0000000708200000| Untracked 
|  75|0x0000000708300000, 0x0000000708300000, 0x0000000708400000|  0%| F|  |TAMS 0x0000000708300000, 0x0000000708300000| Untracked 
|  76|0x0000000708400000, 0x0000000708400000, 0x0000000708500000|  0%| F|  |TAMS 0x0000000708400000, 0x0000000708400000| Untracked 
|  77|0x0000000708500000, 0x0000000708500000, 0x0000000708600000|  0%| F|  |TAMS 0x0000000708500000, 0x0000000708500000| Untracked 
|  78|0x0000000708600000, 0x0000000708600000, 0x0000000708700000|  0%| F|  |TAMS 0x0000000708600000, 0x0000000708600000| Untracked 
|  79|0x0000000708700000, 0x0000000708700000, 0x0000000708800000|  0%| F|  |TAMS 0x0000000708700000, 0x0000000708700000| Untracked 
|  80|0x0000000708800000, 0x0000000708800000, 0x0000000708900000|  0%| F|  |TAMS 0x0000000708800000, 0x0000000708800000| Untracked 
|  81|0x0000000708900000, 0x0000000708900000, 0x0000000708a00000|  0%| F|  |TAMS 0x0000000708900000, 0x0000000708900000| Untracked 
|  82|0x0000000708a00000, 0x0000000708a00000, 0x0000000708b00000|  0%| F|  |TAMS 0x0000000708a00000, 0x0000000708a00000| Untracked 
|  83|0x0000000708b00000, 0x0000000708b00000, 0x0000000708c00000|  0%| F|  |TAMS 0x0000000708b00000, 0x0000000708b00000| Untracked 
|  84|0x0000000708c00000, 0x0000000708c00000, 0x0000000708d00000|  0%| F|  |TAMS 0x0000000708c00000, 0x0000000708c00000| Untracked 
|  85|0x0000000708d00000, 0x0000000708d00000, 0x0000000708e00000|  0%| F|  |TAMS 0x0000000708d00000, 0x0000000708d00000| Untracked 
|  86|0x0000000708e00000, 0x0000000708e00000, 0x0000000708f00000|  0%| F|  |TAMS 0x0000000708e00000, 0x0000000708e00000| Untracked 
|  87|0x0000000708f00000, 0x0000000708f00000, 0x0000000709000000|  0%| F|  |TAMS 0x0000000708f00000, 0x0000000708f00000| Untracked 
|  88|0x0000000709000000, 0x0000000709000000, 0x0000000709100000|  0%| F|  |TAMS 0x0000000709000000, 0x0000000709000000| Untracked 
|  89|0x0000000709100000, 0x0000000709100000, 0x0000000709200000|  0%| F|  |TAMS 0x0000000709100000, 0x0000000709100000| Untracked 
|  90|0x0000000709200000, 0x0000000709200000, 0x0000000709300000|  0%| F|  |TAMS 0x0000000709200000, 0x0000000709200000| Untracked 
|  91|0x0000000709300000, 0x0000000709300000, 0x0000000709400000|  0%| F|  |TAMS 0x0000000709300000, 0x0000000709300000| Untracked 
|  92|0x0000000709400000, 0x0000000709400000, 0x0000000709500000|  0%| F|  |TAMS 0x0000000709400000, 0x0000000709400000| Untracked 
|  93|0x0000000709500000, 0x0000000709500000, 0x0000000709600000|  0%| F|  |TAMS 0x0000000709500000, 0x0000000709500000| Untracked 
|  94|0x0000000709600000, 0x0000000709600000, 0x0000000709700000|  0%| F|  |TAMS 0x0000000709600000, 0x0000000709600000| Untracked 
|  95|0x0000000709700000, 0x0000000709700000, 0x0000000709800000|  0%| F|  |TAMS 0x0000000709700000, 0x0000000709700000| Untracked 
|  96|0x0000000709800000, 0x0000000709800000, 0x0000000709900000|  0%| F|  |TAMS 0x0000000709800000, 0x0000000709800000| Untracked 
|  97|0x0000000709900000, 0x0000000709900000, 0x0000000709a00000|  0%| F|  |TAMS 0x0000000709900000, 0x0000000709900000| Untracked 
|  98|0x0000000709a00000, 0x0000000709a00000, 0x0000000709b00000|  0%| F|  |TAMS 0x0000000709a00000, 0x0000000709a00000| Untracked 
|  99|0x0000000709b00000, 0x0000000709b00000, 0x0000000709c00000|  0%| F|  |TAMS 0x0000000709b00000, 0x0000000709b00000| Untracked 
| 100|0x0000000709c00000, 0x0000000709c00000, 0x0000000709d00000|  0%| F|  |TAMS 0x0000000709c00000, 0x0000000709c00000| Untracked 
| 101|0x0000000709d00000, 0x0000000709d00000, 0x0000000709e00000|  0%| F|  |TAMS 0x0000000709d00000, 0x0000000709d00000| Untracked 
| 102|0x0000000709e00000, 0x0000000709e00000, 0x0000000709f00000|  0%| F|  |TAMS 0x0000000709e00000, 0x0000000709e00000| Untracked 
| 103|0x0000000709f00000, 0x0000000709f00000, 0x000000070a000000|  0%| F|  |TAMS 0x0000000709f00000, 0x0000000709f00000| Untracked 
| 104|0x000000070a000000, 0x000000070a000000, 0x000000070a100000|  0%| F|  |TAMS 0x000000070a000000, 0x000000070a000000| Untracked 
| 105|0x000000070a100000, 0x000000070a100000, 0x000000070a200000|  0%| F|  |TAMS 0x000000070a100000, 0x000000070a100000| Untracked 
| 106|0x000000070a200000, 0x000000070a200000, 0x000000070a300000|  0%| F|  |TAMS 0x000000070a200000, 0x000000070a200000| Untracked 
| 107|0x000000070a300000, 0x000000070a300000, 0x000000070a400000|  0%| F|  |TAMS 0x000000070a300000, 0x000000070a300000| Untracked 
| 108|0x000000070a400000, 0x000000070a400000, 0x000000070a500000|  0%| F|  |TAMS 0x000000070a400000, 0x000000070a400000| Untracked 
| 109|0x000000070a500000, 0x000000070a500000, 0x000000070a600000|  0%| F|  |TAMS 0x000000070a500000, 0x000000070a500000| Untracked 
| 110|0x000000070a600000, 0x000000070a600000, 0x000000070a700000|  0%| F|  |TAMS 0x000000070a600000, 0x000000070a600000| Untracked 
| 111|0x000000070a700000, 0x000000070a700000, 0x000000070a800000|  0%| F|  |TAMS 0x000000070a700000, 0x000000070a700000| Untracked 
| 112|0x000000070a800000, 0x000000070a800000, 0x000000070a900000|  0%| F|  |TAMS 0x000000070a800000, 0x000000070a800000| Untracked 
| 113|0x000000070a900000, 0x000000070a900000, 0x000000070aa00000|  0%| F|  |TAMS 0x000000070a900000, 0x000000070a900000| Untracked 
| 114|0x000000070aa00000, 0x000000070aa00000, 0x000000070ab00000|  0%| F|  |TAMS 0x000000070aa00000, 0x000000070aa00000| Untracked 
| 115|0x000000070ab00000, 0x000000070ab00000, 0x000000070ac00000|  0%| F|  |TAMS 0x000000070ab00000, 0x000000070ab00000| Untracked 
| 116|0x000000070ac00000, 0x000000070ac00000, 0x000000070ad00000|  0%| F|  |TAMS 0x000000070ac00000, 0x000000070ac00000| Untracked 
| 117|0x000000070ad00000, 0x000000070ad00000, 0x000000070ae00000|  0%| F|  |TAMS 0x000000070ad00000, 0x000000070ad00000| Untracked 
| 118|0x000000070ae00000, 0x000000070ae00000, 0x000000070af00000|  0%| F|  |TAMS 0x000000070ae00000, 0x000000070ae00000| Untracked 
| 119|0x000000070af00000, 0x000000070af00000, 0x000000070b000000|  0%| F|  |TAMS 0x000000070af00000, 0x000000070af00000| Untracked 
| 120|0x000000070b000000, 0x000000070b000000, 0x000000070b100000|  0%| F|  |TAMS 0x000000070b000000, 0x000000070b000000| Untracked 
| 121|0x000000070b100000, 0x000000070b100000, 0x000000070b200000|  0%| F|  |TAMS 0x000000070b100000, 0x000000070b100000| Untracked 
| 122|0x000000070b200000, 0x000000070b200000, 0x000000070b300000|  0%| F|  |TAMS 0x000000070b200000, 0x000000070b200000| Untracked 
| 123|0x000000070b300000, 0x000000070b300000, 0x000000070b400000|  0%| F|  |TAMS 0x000000070b300000, 0x000000070b300000| Untracked 
| 124|0x000000070b400000, 0x000000070b400000, 0x000000070b500000|  0%| F|  |TAMS 0x000000070b400000, 0x000000070b400000| Untracked 
| 125|0x000000070b500000, 0x000000070b500000, 0x000000070b600000|  0%| F|  |TAMS 0x000000070b500000, 0x000000070b500000| Untracked 
| 126|0x000000070b600000, 0x000000070b600000, 0x000000070b700000|  0%| F|  |TAMS 0x000000070b600000, 0x000000070b600000| Untracked 
| 127|0x000000070b700000, 0x000000070b700000, 0x000000070b800000|  0%| F|  |TAMS 0x000000070b700000, 0x000000070b700000| Untracked 
| 128|0x000000070b800000, 0x000000070b800000, 0x000000070b900000|  0%| F|  |TAMS 0x000000070b800000, 0x000000070b800000| Untracked 
| 129|0x000000070b900000, 0x000000070b900000, 0x000000070ba00000|  0%| F|  |TAMS 0x000000070b900000, 0x000000070b900000| Untracked 
| 130|0x000000070ba00000, 0x000000070ba00000, 0x000000070bb00000|  0%| F|  |TAMS 0x000000070ba00000, 0x000000070ba00000| Untracked 
| 131|0x000000070bb00000, 0x000000070bb00000, 0x000000070bc00000|  0%| F|  |TAMS 0x000000070bb00000, 0x000000070bb00000| Untracked 
| 132|0x000000070bc00000, 0x000000070bc00000, 0x000000070bd00000|  0%| F|  |TAMS 0x000000070bc00000, 0x000000070bc00000| Untracked 
| 133|0x000000070bd00000, 0x000000070bd00000, 0x000000070be00000|  0%| F|  |TAMS 0x000000070bd00000, 0x000000070bd00000| Untracked 
| 134|0x000000070be00000, 0x000000070be00000, 0x000000070bf00000|  0%| F|  |TAMS 0x000000070be00000, 0x000000070be00000| Untracked 
| 135|0x000000070bf00000, 0x000000070bf00000, 0x000000070c000000|  0%| F|  |TAMS 0x000000070bf00000, 0x000000070bf00000| Untracked 
| 136|0x000000070c000000, 0x000000070c000000, 0x000000070c100000|  0%| F|  |TAMS 0x000000070c000000, 0x000000070c000000| Untracked 
| 137|0x000000070c100000, 0x000000070c100000, 0x000000070c200000|  0%| F|  |TAMS 0x000000070c100000, 0x000000070c100000| Untracked 
| 138|0x000000070c200000, 0x000000070c200000, 0x000000070c300000|  0%| F|  |TAMS 0x000000070c200000, 0x000000070c200000| Untracked 
| 139|0x000000070c300000, 0x000000070c300000, 0x000000070c400000|  0%| F|  |TAMS 0x000000070c300000, 0x000000070c300000| Untracked 
| 140|0x000000070c400000, 0x000000070c400000, 0x000000070c500000|  0%| F|  |TAMS 0x000000070c400000, 0x000000070c400000| Untracked 
| 141|0x000000070c500000, 0x000000070c500000, 0x000000070c600000|  0%| F|  |TAMS 0x000000070c500000, 0x000000070c500000| Untracked 
| 142|0x000000070c600000, 0x000000070c600000, 0x000000070c700000|  0%| F|  |TAMS 0x000000070c600000, 0x000000070c600000| Untracked 
| 143|0x000000070c700000, 0x000000070c700000, 0x000000070c800000|  0%| F|  |TAMS 0x000000070c700000, 0x000000070c700000| Untracked 
| 144|0x000000070c800000, 0x000000070c800000, 0x000000070c900000|  0%| F|  |TAMS 0x000000070c800000, 0x000000070c800000| Untracked 
| 145|0x000000070c900000, 0x000000070c900000, 0x000000070ca00000|  0%| F|  |TAMS 0x000000070c900000, 0x000000070c900000| Untracked 
| 146|0x000000070ca00000, 0x000000070ca00000, 0x000000070cb00000|  0%| F|  |TAMS 0x000000070ca00000, 0x000000070ca00000| Untracked 
| 147|0x000000070cb00000, 0x000000070cb00000, 0x000000070cc00000|  0%| F|  |TAMS 0x000000070cb00000, 0x000000070cb00000| Untracked 
| 148|0x000000070cc00000, 0x000000070cc00000, 0x000000070cd00000|  0%| F|  |TAMS 0x000000070cc00000, 0x000000070cc00000| Untracked 
| 149|0x000000070cd00000, 0x000000070cd00000, 0x000000070ce00000|  0%| F|  |TAMS 0x000000070cd00000, 0x000000070cd00000| Untracked 
| 150|0x000000070ce00000, 0x000000070ce00000, 0x000000070cf00000|  0%| F|  |TAMS 0x000000070ce00000, 0x000000070ce00000| Untracked 
| 151|0x000000070cf00000, 0x000000070cf00000, 0x000000070d000000|  0%| F|  |TAMS 0x000000070cf00000, 0x000000070cf00000| Untracked 
| 152|0x000000070d000000, 0x000000070d000000, 0x000000070d100000|  0%| F|  |TAMS 0x000000070d000000, 0x000000070d000000| Untracked 
| 153|0x000000070d100000, 0x000000070d100000, 0x000000070d200000|  0%| F|  |TAMS 0x000000070d100000, 0x000000070d100000| Untracked 
| 154|0x000000070d200000, 0x000000070d200000, 0x000000070d300000|  0%| F|  |TAMS 0x000000070d200000, 0x000000070d200000| Untracked 
| 155|0x000000070d300000, 0x000000070d300000, 0x000000070d400000|  0%| F|  |TAMS 0x000000070d300000, 0x000000070d300000| Untracked 
| 156|0x000000070d400000, 0x000000070d400000, 0x000000070d500000|  0%| F|  |TAMS 0x000000070d400000, 0x000000070d400000| Untracked 
| 157|0x000000070d500000, 0x000000070d500000, 0x000000070d600000|  0%| F|  |TAMS 0x000000070d500000, 0x000000070d500000| Untracked 
| 158|0x000000070d600000, 0x000000070d600000, 0x000000070d700000|  0%| F|  |TAMS 0x000000070d600000, 0x000000070d600000| Untracked 
| 159|0x000000070d700000, 0x000000070d700000, 0x000000070d800000|  0%| F|  |TAMS 0x000000070d700000, 0x000000070d700000| Untracked 
| 160|0x000000070d800000, 0x000000070d800000, 0x000000070d900000|  0%| F|  |TAMS 0x000000070d800000, 0x000000070d800000| Untracked 
| 161|0x000000070d900000, 0x000000070d900000, 0x000000070da00000|  0%| F|  |TAMS 0x000000070d900000, 0x000000070d900000| Untracked 
| 162|0x000000070da00000, 0x000000070da00000, 0x000000070db00000|  0%| F|  |TAMS 0x000000070da00000, 0x000000070da00000| Untracked 
| 163|0x000000070db00000, 0x000000070db00000, 0x000000070dc00000|  0%| F|  |TAMS 0x000000070db00000, 0x000000070db00000| Untracked 
| 164|0x000000070dc00000, 0x000000070dc00000, 0x000000070dd00000|  0%| F|  |TAMS 0x000000070dc00000, 0x000000070dc00000| Untracked 
| 165|0x000000070dd00000, 0x000000070dd00000, 0x000000070de00000|  0%| F|  |TAMS 0x000000070dd00000, 0x000000070dd00000| Untracked 
| 166|0x000000070de00000, 0x000000070de00000, 0x000000070df00000|  0%| F|  |TAMS 0x000000070de00000, 0x000000070de00000| Untracked 
| 167|0x000000070df00000, 0x000000070df00000, 0x000000070e000000|  0%| F|  |TAMS 0x000000070df00000, 0x000000070df00000| Untracked 
| 168|0x000000070e000000, 0x000000070e000000, 0x000000070e100000|  0%| F|  |TAMS 0x000000070e000000, 0x000000070e000000| Untracked 
| 169|0x000000070e100000, 0x000000070e100000, 0x000000070e200000|  0%| F|  |TAMS 0x000000070e100000, 0x000000070e100000| Untracked 
| 170|0x000000070e200000, 0x000000070e200000, 0x000000070e300000|  0%| F|  |TAMS 0x000000070e200000, 0x000000070e200000| Untracked 
| 171|0x000000070e300000, 0x000000070e300000, 0x000000070e400000|  0%| F|  |TAMS 0x000000070e300000, 0x000000070e300000| Untracked 
| 172|0x000000070e400000, 0x000000070e400000, 0x000000070e500000|  0%| F|  |TAMS 0x000000070e400000, 0x000000070e400000| Untracked 
| 173|0x000000070e500000, 0x000000070e500000, 0x000000070e600000|  0%| F|  |TAMS 0x000000070e500000, 0x000000070e500000| Untracked 
| 174|0x000000070e600000, 0x000000070e600000, 0x000000070e700000|  0%| F|  |TAMS 0x000000070e600000, 0x000000070e600000| Untracked 
| 175|0x000000070e700000, 0x000000070e700000, 0x000000070e800000|  0%| F|  |TAMS 0x000000070e700000, 0x000000070e700000| Untracked 
| 176|0x000000070e800000, 0x000000070e800000, 0x000000070e900000|  0%| F|  |TAMS 0x000000070e800000, 0x000000070e800000| Untracked 
| 177|0x000000070e900000, 0x000000070e900000, 0x000000070ea00000|  0%| F|  |TAMS 0x000000070e900000, 0x000000070e900000| Untracked 
| 178|0x000000070ea00000, 0x000000070ea00000, 0x000000070eb00000|  0%| F|  |TAMS 0x000000070ea00000, 0x000000070ea00000| Untracked 
| 179|0x000000070eb00000, 0x000000070eb00000, 0x000000070ec00000|  0%| F|  |TAMS 0x000000070eb00000, 0x000000070eb00000| Untracked 
| 180|0x000000070ec00000, 0x000000070ec00000, 0x000000070ed00000|  0%| F|  |TAMS 0x000000070ec00000, 0x000000070ec00000| Untracked 
| 181|0x000000070ed00000, 0x000000070ed00000, 0x000000070ee00000|  0%| F|  |TAMS 0x000000070ed00000, 0x000000070ed00000| Untracked 
| 182|0x000000070ee00000, 0x000000070ee00000, 0x000000070ef00000|  0%| F|  |TAMS 0x000000070ee00000, 0x000000070ee00000| Untracked 
| 183|0x000000070ef00000, 0x000000070ef00000, 0x000000070f000000|  0%| F|  |TAMS 0x000000070ef00000, 0x000000070ef00000| Untracked 
| 184|0x000000070f000000, 0x000000070f000000, 0x000000070f100000|  0%| F|  |TAMS 0x000000070f000000, 0x000000070f000000| Untracked 
| 185|0x000000070f100000, 0x000000070f100000, 0x000000070f200000|  0%| F|  |TAMS 0x000000070f100000, 0x000000070f100000| Untracked 
| 186|0x000000070f200000, 0x000000070f200000, 0x000000070f300000|  0%| F|  |TAMS 0x000000070f200000, 0x000000070f200000| Untracked 
| 187|0x000000070f300000, 0x000000070f300000, 0x000000070f400000|  0%| F|  |TAMS 0x000000070f300000, 0x000000070f300000| Untracked 
| 188|0x000000070f400000, 0x000000070f400000, 0x000000070f500000|  0%| F|  |TAMS 0x000000070f400000, 0x000000070f400000| Untracked 
| 189|0x000000070f500000, 0x000000070f500000, 0x000000070f600000|  0%| F|  |TAMS 0x000000070f500000, 0x000000070f500000| Untracked 
| 190|0x000000070f600000, 0x000000070f600000, 0x000000070f700000|  0%| F|  |TAMS 0x000000070f600000, 0x000000070f600000| Untracked 
| 191|0x000000070f700000, 0x000000070f700000, 0x000000070f800000|  0%| F|  |TAMS 0x000000070f700000, 0x000000070f700000| Untracked 
| 192|0x000000070f800000, 0x000000070f800000, 0x000000070f900000|  0%| F|  |TAMS 0x000000070f800000, 0x000000070f800000| Untracked 
| 193|0x000000070f900000, 0x000000070f900000, 0x000000070fa00000|  0%| F|  |TAMS 0x000000070f900000, 0x000000070f900000| Untracked 
| 194|0x000000070fa00000, 0x000000070fa00000, 0x000000070fb00000|  0%| F|  |TAMS 0x000000070fa00000, 0x000000070fa00000| Untracked 
| 195|0x000000070fb00000, 0x000000070fb00000, 0x000000070fc00000|  0%| F|  |TAMS 0x000000070fb00000, 0x000000070fb00000| Untracked 
| 196|0x000000070fc00000, 0x000000070fc00000, 0x000000070fd00000|  0%| F|  |TAMS 0x000000070fc00000, 0x000000070fc00000| Untracked 
| 197|0x000000070fd00000, 0x000000070fd00000, 0x000000070fe00000|  0%| F|  |TAMS 0x000000070fd00000, 0x000000070fd00000| Untracked 
| 198|0x000000070fe00000, 0x000000070fe00000, 0x000000070ff00000|  0%| F|  |TAMS 0x000000070fe00000, 0x000000070fe00000| Untracked 
| 199|0x000000070ff00000, 0x000000070ff00000, 0x0000000710000000|  0%| F|  |TAMS 0x000000070ff00000, 0x000000070ff00000| Untracked 
| 200|0x0000000710000000, 0x0000000710000000, 0x0000000710100000|  0%| F|  |TAMS 0x0000000710000000, 0x0000000710000000| Untracked 
| 201|0x0000000710100000, 0x0000000710100000, 0x0000000710200000|  0%| F|  |TAMS 0x0000000710100000, 0x0000000710100000| Untracked 
| 202|0x0000000710200000, 0x0000000710200000, 0x0000000710300000|  0%| F|  |TAMS 0x0000000710200000, 0x0000000710200000| Untracked 
| 203|0x0000000710300000, 0x0000000710300000, 0x0000000710400000|  0%| F|  |TAMS 0x0000000710300000, 0x0000000710300000| Untracked 
| 204|0x0000000710400000, 0x0000000710400000, 0x0000000710500000|  0%| F|  |TAMS 0x0000000710400000, 0x0000000710400000| Untracked 
| 205|0x0000000710500000, 0x0000000710500000, 0x0000000710600000|  0%| F|  |TAMS 0x0000000710500000, 0x0000000710500000| Untracked 
| 206|0x0000000710600000, 0x0000000710600000, 0x0000000710700000|  0%| F|  |TAMS 0x0000000710600000, 0x0000000710600000| Untracked 
| 207|0x0000000710700000, 0x0000000710700000, 0x0000000710800000|  0%| F|  |TAMS 0x0000000710700000, 0x0000000710700000| Untracked 
| 208|0x0000000710800000, 0x0000000710800000, 0x0000000710900000|  0%| F|  |TAMS 0x0000000710800000, 0x0000000710800000| Untracked 
| 209|0x0000000710900000, 0x0000000710900000, 0x0000000710a00000|  0%| F|  |TAMS 0x0000000710900000, 0x0000000710900000| Untracked 
| 210|0x0000000710a00000, 0x0000000710a00000, 0x0000000710b00000|  0%| F|  |TAMS 0x0000000710a00000, 0x0000000710a00000| Untracked 
| 211|0x0000000710b00000, 0x0000000710b00000, 0x0000000710c00000|  0%| F|  |TAMS 0x0000000710b00000, 0x0000000710b00000| Untracked 
| 212|0x0000000710c00000, 0x0000000710c00000, 0x0000000710d00000|  0%| F|  |TAMS 0x0000000710c00000, 0x0000000710c00000| Untracked 
| 213|0x0000000710d00000, 0x0000000710d00000, 0x0000000710e00000|  0%| F|  |TAMS 0x0000000710d00000, 0x0000000710d00000| Untracked 
| 214|0x0000000710e00000, 0x0000000710e00000, 0x0000000710f00000|  0%| F|  |TAMS 0x0000000710e00000, 0x0000000710e00000| Untracked 
| 215|0x0000000710f00000, 0x0000000710f00000, 0x0000000711000000|  0%| F|  |TAMS 0x0000000710f00000, 0x0000000710f00000| Untracked 
| 216|0x0000000711000000, 0x0000000711000000, 0x0000000711100000|  0%| F|  |TAMS 0x0000000711000000, 0x0000000711000000| Untracked 
| 217|0x0000000711100000, 0x0000000711100000, 0x0000000711200000|  0%| F|  |TAMS 0x0000000711100000, 0x0000000711100000| Untracked 
| 218|0x0000000711200000, 0x0000000711200000, 0x0000000711300000|  0%| F|  |TAMS 0x0000000711200000, 0x0000000711200000| Untracked 
| 219|0x0000000711300000, 0x0000000711300000, 0x0000000711400000|  0%| F|  |TAMS 0x0000000711300000, 0x0000000711300000| Untracked 
| 220|0x0000000711400000, 0x0000000711400000, 0x0000000711500000|  0%| F|  |TAMS 0x0000000711400000, 0x0000000711400000| Untracked 
| 221|0x0000000711500000, 0x0000000711500000, 0x0000000711600000|  0%| F|  |TAMS 0x0000000711500000, 0x0000000711500000| Untracked 
| 222|0x0000000711600000, 0x0000000711600000, 0x0000000711700000|  0%| F|  |TAMS 0x0000000711600000, 0x0000000711600000| Untracked 
| 223|0x0000000711700000, 0x0000000711700000, 0x0000000711800000|  0%| F|  |TAMS 0x0000000711700000, 0x0000000711700000| Untracked 
| 224|0x0000000711800000, 0x0000000711800000, 0x0000000711900000|  0%| F|  |TAMS 0x0000000711800000, 0x0000000711800000| Untracked 
| 225|0x0000000711900000, 0x0000000711900000, 0x0000000711a00000|  0%| F|  |TAMS 0x0000000711900000, 0x0000000711900000| Untracked 
| 226|0x0000000711a00000, 0x0000000711a00000, 0x0000000711b00000|  0%| F|  |TAMS 0x0000000711a00000, 0x0000000711a00000| Untracked 
| 227|0x0000000711b00000, 0x0000000711b00000, 0x0000000711c00000|  0%| F|  |TAMS 0x0000000711b00000, 0x0000000711b00000| Untracked 
| 228|0x0000000711c00000, 0x0000000711c00000, 0x0000000711d00000|  0%| F|  |TAMS 0x0000000711c00000, 0x0000000711c00000| Untracked 
| 229|0x0000000711d00000, 0x0000000711d00000, 0x0000000711e00000|  0%| F|  |TAMS 0x0000000711d00000, 0x0000000711d00000| Untracked 
| 230|0x0000000711e00000, 0x0000000711e00000, 0x0000000711f00000|  0%| F|  |TAMS 0x0000000711e00000, 0x0000000711e00000| Untracked 
| 231|0x0000000711f00000, 0x0000000711f00000, 0x0000000712000000|  0%| F|  |TAMS 0x0000000711f00000, 0x0000000711f00000| Untracked 
| 232|0x0000000712000000, 0x0000000712000000, 0x0000000712100000|  0%| F|  |TAMS 0x0000000712000000, 0x0000000712000000| Untracked 
| 233|0x0000000712100000, 0x0000000712100000, 0x0000000712200000|  0%| F|  |TAMS 0x0000000712100000, 0x0000000712100000| Untracked 
| 234|0x0000000712200000, 0x0000000712200000, 0x0000000712300000|  0%| F|  |TAMS 0x0000000712200000, 0x0000000712200000| Untracked 
| 235|0x0000000712300000, 0x0000000712300000, 0x0000000712400000|  0%| F|  |TAMS 0x0000000712300000, 0x0000000712300000| Untracked 
| 236|0x0000000712400000, 0x0000000712400000, 0x0000000712500000|  0%| F|  |TAMS 0x0000000712400000, 0x0000000712400000| Untracked 
| 237|0x0000000712500000, 0x0000000712500000, 0x0000000712600000|  0%| F|  |TAMS 0x0000000712500000, 0x0000000712500000| Untracked 
| 238|0x0000000712600000, 0x0000000712600000, 0x0000000712700000|  0%| F|  |TAMS 0x0000000712600000, 0x0000000712600000| Untracked 
| 239|0x0000000712700000, 0x0000000712700000, 0x0000000712800000|  0%| F|  |TAMS 0x0000000712700000, 0x0000000712700000| Untracked 
| 240|0x0000000712800000, 0x0000000712800000, 0x0000000712900000|  0%| F|  |TAMS 0x0000000712800000, 0x0000000712800000| Untracked 
| 241|0x0000000712900000, 0x0000000712900000, 0x0000000712a00000|  0%| F|  |TAMS 0x0000000712900000, 0x0000000712900000| Untracked 
| 242|0x0000000712a00000, 0x0000000712a00000, 0x0000000712b00000|  0%| F|  |TAMS 0x0000000712a00000, 0x0000000712a00000| Untracked 
| 243|0x0000000712b00000, 0x0000000712b00000, 0x0000000712c00000|  0%| F|  |TAMS 0x0000000712b00000, 0x0000000712b00000| Untracked 
| 244|0x0000000712c00000, 0x0000000712c00000, 0x0000000712d00000|  0%| F|  |TAMS 0x0000000712c00000, 0x0000000712c00000| Untracked 
| 245|0x0000000712d00000, 0x0000000712d00000, 0x0000000712e00000|  0%| F|  |TAMS 0x0000000712d00000, 0x0000000712d00000| Untracked 
| 246|0x0000000712e00000, 0x0000000712e00000, 0x0000000712f00000|  0%| F|  |TAMS 0x0000000712e00000, 0x0000000712e00000| Untracked 
| 247|0x0000000712f00000, 0x0000000712f00000, 0x0000000713000000|  0%| F|  |TAMS 0x0000000712f00000, 0x0000000712f00000| Untracked 
| 248|0x0000000713000000, 0x0000000713000000, 0x0000000713100000|  0%| F|  |TAMS 0x0000000713000000, 0x0000000713000000| Untracked 
| 249|0x0000000713100000, 0x0000000713176538, 0x0000000713200000| 46%| E|  |TAMS 0x0000000713100000, 0x0000000713100000| Complete 
| 250|0x0000000713200000, 0x0000000713300000, 0x0000000713300000|100%| E|CS|TAMS 0x0000000713200000, 0x0000000713200000| Complete 
| 251|0x0000000713300000, 0x0000000713400000, 0x0000000713400000|100%| E|CS|TAMS 0x0000000713300000, 0x0000000713300000| Complete 
| 252|0x0000000713400000, 0x0000000713500000, 0x0000000713500000|100%| E|CS|TAMS 0x0000000713400000, 0x0000000713400000| Complete 
| 253|0x0000000713500000, 0x0000000713600000, 0x0000000713600000|100%| E|CS|TAMS 0x0000000713500000, 0x0000000713500000| Complete 

Card table byte_map: [0x000001b8c7bd0000,0x000001b8c83c0000] _byte_map_base: 0x000001b8c43b4000

Marking Bits (Prev, Next): (CMBitMap*) 0x000001b8ad7e3df8, (CMBitMap*) 0x000001b8ad7e3e38
 Prev Bits: [0x000001b8c8bb0000, 0x000001b8ccad0000)
 Next Bits: [0x000001b8ccad0000, 0x000001b8d09f0000)

Polling page: 0x000001b8ad860000

Metaspace:

Usage:
  Non-class:      4.62 MB capacity,     4.50 MB ( 97%) used,   107.71 KB (  2%) free+waste,    15.19 KB ( <1%) overhead. 
      Class:    693.00 KB capacity,   583.52 KB ( 84%) used,    98.17 KB ( 14%) free+waste,    11.31 KB (  2%) overhead. 
       Both:      5.29 MB capacity,     5.07 MB ( 96%) used,   205.88 KB (  4%) free+waste,    26.50 KB ( <1%) overhead. 

Virtual space:
  Non-class space:        8.00 MB reserved,       4.75 MB ( 59%) committed 
      Class space:        1.00 GB reserved,     768.00 KB ( <1%) committed 
             Both:        1.01 GB reserved,       5.50 MB ( <1%) committed 

Chunk freelists:
   Non-Class:  8.00 KB
       Class:  11.00 KB
        Both:  19.00 KB

MaxMetaspaceSize: 17179869184.00 GB
CompressedClassSpaceSize: 1.00 GB

CodeHeap 'non-profiled nmethods': size=120000Kb used=142Kb max_used=142Kb free=119857Kb
 bounds [0x000001b8bf220000, 0x000001b8bf490000, 0x000001b8c6750000]
CodeHeap 'profiled nmethods': size=120000Kb used=787Kb max_used=787Kb free=119213Kb
 bounds [0x000001b8b7cf0000, 0x000001b8b7f60000, 0x000001b8bf220000]
CodeHeap 'non-nmethods': size=5760Kb used=1219Kb max_used=1234Kb free=4540Kb
 bounds [0x000001b8b7750000, 0x000001b8b79c0000, 0x000001b8b7cf0000]
 total_blobs=1011 nmethods=521 adapters=403
 compilation: enabled
              stopped_count=0, restarted_count=0
 full_count=0

Compilation events (20 events):
Event: 0.277 Thread 0x000001b8d37be000  505       3       java.lang.StringLatin1::indexOf (61 bytes)
Event: 0.278 Thread 0x000001b8d37be000 nmethod 505 0x000001b8b7dacf90 code [0x000001b8b7dad140, 0x000001b8b7dad4f8]
Event: 0.278 Thread 0x000001b8d37be000  506       3       java.lang.invoke.InvokerBytecodeGenerator::emitStoreResult (27 bytes)
Event: 0.278 Thread 0x000001b8d37be000 nmethod 506 0x000001b8b7dad610 code [0x000001b8b7dad7e0, 0x000001b8b7dadb58]
Event: 0.278 Thread 0x000001b8d37be000  507       3       java.lang.invoke.LambdaForm$NamedFunction::member (26 bytes)
Event: 0.278 Thread 0x000001b8d37be000 nmethod 507 0x000001b8b7dadd10 code [0x000001b8b7dadea0, 0x000001b8b7dadfd8]
Event: 0.278 Thread 0x000001b8d37be000  509       3       java.lang.invoke.LambdaForm::useCount (90 bytes)
Event: 0.278 Thread 0x000001b8d37be000 nmethod 509 0x000001b8b7dae090 code [0x000001b8b7dae260, 0x000001b8b7dae638]
Event: 0.278 Thread 0x000001b8d37be000  511       3       java.util.ArrayList::add (25 bytes)
Event: 0.278 Thread 0x000001b8d37be000 nmethod 511 0x000001b8b7dae810 code [0x000001b8b7dae9e0, 0x000001b8b7daee48]
Event: 0.278 Thread 0x000001b8d37be000  512       3       java.util.ArrayList::add (23 bytes)
Event: 0.278 Thread 0x000001b8d37be000 nmethod 512 0x000001b8b7daf010 code [0x000001b8b7daf1e0, 0x000001b8b7daf5c8]
Event: 0.278 Thread 0x000001b8d37be000  508       3       jdk.internal.org.objectweb.asm.MethodWriter::visitAnnotation (73 bytes)
Event: 0.279 Thread 0x000001b8d37be000 nmethod 508 0x000001b8b7daf790 code [0x000001b8b7daf9c0, 0x000001b8b7db01a8]
Event: 0.279 Thread 0x000001b8d37be000  510       3       jdk.internal.org.objectweb.asm.AnnotationWriter::visitEnd (44 bytes)
Event: 0.279 Thread 0x000001b8d37be000 nmethod 510 0x000001b8b7db0490 code [0x000001b8b7db0620, 0x000001b8b7db07d8]
Event: 0.279 Thread 0x000001b8d37be000  515       3       java.lang.invoke.LambdaForm$Name::<init> (44 bytes)
Event: 0.279 Thread 0x000001b8d37be000 nmethod 515 0x000001b8b7db0910 code [0x000001b8b7db0b20, 0x000001b8b7db1108]
Event: 0.279 Thread 0x000001b8d37be000  517       3       java.lang.invoke.MethodType::insertParameterTypes (121 bytes)
Event: 0.279 Thread 0x000001b8d37bd000  522       4       jdk.internal.org.objectweb.asm.ByteVector::putShort (52 bytes)

GC Heap History (0 events):
No events

Deoptimization events (8 events):
Event: 0.060 Thread 0x000001b8ad777800 Uncommon trap: trap_request=0xffffff45 fr.pc=0x000001b8bf224428 relative=0x0000000000000248
Event: 0.060 Thread 0x000001b8ad777800 Uncommon trap: reason=unstable_if action=reinterpret pc=0x000001b8bf224428 method=java.lang.String.hashCode()I @ 13 c2
Event: 0.060 Thread 0x000001b8ad777800 DEOPT PACKING pc=0x000001b8bf224428 sp=0x000000adb75fe040
Event: 0.060 Thread 0x000001b8ad777800 DEOPT UNPACKING pc=0x000001b8b779912f sp=0x000000adb75fdfd0 mode 2
Event: 0.274 Thread 0x000001b8ad777800 Uncommon trap: trap_request=0xffffffe5 fr.pc=0x000001b8bf23c958 relative=0x0000000000000198
Event: 0.274 Thread 0x000001b8ad777800 Uncommon trap: reason=range_check action=reinterpret pc=0x000001b8bf23c958 method=java.lang.StringLatin1.indexOf([BII)I @ 13 c2
Event: 0.274 Thread 0x000001b8ad777800 DEOPT PACKING pc=0x000001b8bf23c958 sp=0x000000adb75fc650
Event: 0.274 Thread 0x000001b8ad777800 DEOPT UNPACKING pc=0x000001b8b779912f sp=0x000000adb75fc5d0 mode 2

Classes unloaded (0 events):
No events

Classes redefined (0 events):
No events

Internal exceptions (13 events):
Event: 0.113 Thread 0x000001b8ad777800 Exception <a 'java/lang/ClassNotFoundException'{0x00000007135ea500}: sun/awt/resources/spi/awtProvider> (0x00000007135ea500) 
thrown [./open/src/hotspot/share/classfile/systemDictionary.cpp, line 226]
Event: 0.138 Thread 0x000001b8ad777800 Exception <a 'java/io/FileNotFoundException'{0x0000000713453ad8}> (0x0000000713453ad8) 
thrown [./open/src/hotspot/share/prims/jni.cpp, line 599]
Event: 0.146 Thread 0x000001b8ad777800 Exception <a 'java/io/FileNotFoundException'{0x000000071347a590}> (0x000000071347a590) 
thrown [./open/src/hotspot/share/prims/jni.cpp, line 599]
Event: 0.182 Thread 0x000001b8d4577800 Exception <a 'java/lang/NoSuchMethodError'{0x00000007134f1748}: 'void java.lang.invoke.DirectMethodHandle$Holder.invokeSpecial(java.lang.Object, java.lang.Object)'> (0x00000007134f1748) 
thrown [./open/src/hotspot/share/interpreter/linkResolver.cpp, line 766]
Event: 0.208 Thread 0x000001b8ad777800 Exception <a 'java/lang/NoSuchMethodError'{0x000000071334f9e0}: 'java.lang.Object java.lang.invoke.DirectMethodHandle$Holder.invokeStatic(java.lang.Object, int, java.lang.Object, java.lang.Object, java.lang.Object, java.lang.Object)'> (0x000000071334f9e0) 
thrown [./open/src/hotspot/share/interpreter/linkResolver.cpp, line 766]
Event: 0.208 Thread 0x000001b8ad777800 Exception <a 'java/lang/NoSuchMethodError'{0x0000000713356300}: 'java.lang.Object java.lang.invoke.DirectMethodHandle$Holder.invokeStatic(java.lang.Object, int, java.lang.Object, java.lang.Object, java.lang.Object)'> (0x0000000713356300) 
thrown [./open/src/hotspot/share/interpreter/linkResolver.cpp, line 766]
Event: 0.209 Thread 0x000001b8ad777800 Exception <a 'java/lang/NoSuchMethodError'{0x0000000713359b50}: 'java.lang.Object java.lang.invoke.DirectMethodHandle$Holder.invokeSpecial(java.lang.Object, java.lang.Object, int, java.lang.Object, java.lang.Object, java.lang.Object)'> (0x0000000713359b50) 
thrown [./open/src/hotspot/share/interpreter/linkResolver.cpp, line 766]
Event: 0.212 Thread 0x000001b8ad777800 Exception <a 'java/lang/NoSuchMethodError'{0x000000071336fef8}: 'java.lang.Object java.lang.invoke.DirectMethodHandle$Holder.invokeStatic(java.lang.Object, int, java.lang.Object)'> (0x000000071336fef8) 
thrown [./open/src/hotspot/share/interpreter/linkResolver.cpp, line 766]
Event: 0.232 Thread 0x000001b8ad777800 Exception <a 'java/lang/ClassNotFoundException'{0x0000000713213e78}: com/sun/swing/internal/plaf/metal/resources/spi/metalProvider> (0x0000000713213e78) 
thrown [./open/src/hotspot/share/classfile/systemDictionary.cpp, line 226]
Event: 0.233 Thread 0x000001b8ad777800 Exception <a 'java/lang/ClassNotFoundException'{0x00000007132188d8}: com/sun/swing/internal/plaf/basic/resources/spi/basicProvider> (0x00000007132188d8) 
thrown [./open/src/hotspot/share/classfile/systemDictionary.cpp, line 226]
Event: 0.258 Thread 0x000001b8ad777800 Exception <a 'java/lang/NoSuchMethodError'{0x0000000713254da8}: 'void java.lang.invoke.DirectMethodHandle$Holder.invokeStaticInit(java.lang.Object)'> (0x0000000713254da8) 
thrown [./open/src/hotspot/share/interpreter/linkResolver.cpp, line 766]
Event: 0.265 Thread 0x000001b8ad777800 Exception <a 'java/io/FileNotFoundException'{0x00000007132617a0}> (0x00000007132617a0) 
thrown [./open/src/hotspot/share/prims/jni.cpp, line 599]
Event: 0.279 Thread 0x000001b8ad777800 Exception <a 'java/lang/NoSuchMethodError'{0x0000000713128398}: 'java.lang.Object java.lang.invoke.Invokers$Holder.linkToTargetMethod(java.lang.Object, int, java.lang.Object)'> (0x0000000713128398) 
thrown [./open/src/hotspot/share/interpreter/linkResolver.cpp, line 766]

Events (20 events):
Event: 0.275 loading class sun/awt/FontConfiguration$2
Event: 0.275 loading class sun/awt/FontConfiguration$2 done
Event: 0.276 loading class sun/awt/windows/WDefaultFontCharset
Event: 0.276 loading class sun/awt/AWTCharset
Event: 0.276 loading class sun/awt/AWTCharset done
Event: 0.276 loading class sun/awt/windows/WDefaultFontCharset done
Event: 0.276 loading class sun/awt/windows/WDefaultFontCharset$Encoder
Event: 0.276 loading class sun/awt/AWTCharset$Encoder
Event: 0.276 loading class sun/awt/AWTCharset$Encoder done
Event: 0.276 loading class sun/awt/windows/WDefaultFontCharset$Encoder done
Event: 0.277 loading class java/io/ByteArrayOutputStream
Event: 0.277 loading class java/io/ByteArrayOutputStream done
Event: 0.277 loading class sun/awt/windows/WingDings
Event: 0.277 loading class sun/awt/windows/WingDings done
Event: 0.277 loading class sun/awt/windows/WingDings$Encoder
Event: 0.277 loading class sun/awt/windows/WingDings$Encoder done
Event: 0.277 loading class sun/awt/Symbol
Event: 0.277 loading class sun/awt/Symbol done
Event: 0.277 loading class sun/awt/Symbol$Encoder
Event: 0.277 loading class sun/awt/Symbol$Encoder done


Dynamic libraries:
0x00007ff6445b0000 - 0x00007ff6445bf000 	C:\Program Files\Java\jdk-14.0.2\bin\javaw.exe
0x00007ff94a970000 - 0x00007ff94ab65000 	C:\Windows\SYSTEM32\ntdll.dll
0x00007ff94a860000 - 0x00007ff94a91e000 	C:\Windows\System32\KERNEL32.DLL
0x00007ff948410000 - 0x00007ff9486d8000 	C:\Windows\System32\KERNELBASE.dll
0x00007ff9488b0000 - 0x00007ff9489b0000 	C:\Windows\System32\ucrtbase.dll
0x00007ff93b8b0000 - 0x00007ff93b8c8000 	C:\Program Files\Java\jdk-14.0.2\bin\jli.dll
0x00007ff9375a0000 - 0x00007ff9375b5000 	C:\Program Files\Java\jdk-14.0.2\bin\VCRUNTIME140.dll
0x00007ff94a350000 - 0x00007ff94a3fc000 	C:\Windows\System32\ADVAPI32.dll
0x00007ff949430000 - 0x00007ff9494ce000 	C:\Windows\System32\msvcrt.dll
0x00007ff949180000 - 0x00007ff94921b000 	C:\Windows\System32\sechost.dll
0x00007ff949050000 - 0x00007ff94917a000 	C:\Windows\System32\RPCRT4.dll
0x00007ff9495a0000 - 0x00007ff949741000 	C:\Windows\System32\USER32.dll
0x00007ff948830000 - 0x00007ff948852000 	C:\Windows\System32\win32u.dll
0x00007ff92c6e0000 - 0x00007ff92c97a000 	C:\Windows\WinSxS\amd64_microsoft.windows.common-controls_6595b64144ccf1df_6.0.19041.1110_none_60b5254171f9507e\COMCTL32.dll
0x00007ff9499d0000 - 0x00007ff9499fb000 	C:\Windows\System32\GDI32.dll
0x00007ff9482a0000 - 0x00007ff9483ad000 	C:\Windows\System32\gdi32full.dll
0x00007ff948790000 - 0x00007ff94882d000 	C:\Windows\System32\msvcp_win.dll
0x00007ff942b10000 - 0x00007ff942b1a000 	C:\Windows\SYSTEM32\VERSION.dll
0x00007ff9499a0000 - 0x00007ff9499d0000 	C:\Windows\System32\IMM32.DLL
0x00007ff91fca0000 - 0x00007ff91fd3b000 	C:\Program Files\Java\jdk-14.0.2\bin\msvcp140.dll
0x00007ff8fc0f0000 - 0x00007ff8fcc0e000 	C:\Program Files\Java\jdk-14.0.2\bin\server\jvm.dll
0x00007ff948fe0000 - 0x00007ff948fe8000 	C:\Windows\System32\PSAPI.DLL
0x00007ff92c370000 - 0x00007ff92c379000 	C:\Windows\SYSTEM32\WSOCK32.dll
0x00007ff949930000 - 0x00007ff94999b000 	C:\Windows\System32\WS2_32.dll
0x00007ff930200000 - 0x00007ff930227000 	C:\Windows\SYSTEM32\WINMM.dll
0x00007ff945f50000 - 0x00007ff945f62000 	C:\Windows\SYSTEM32\kernel.appcore.dll
0x00007ff9421d0000 - 0x00007ff9421da000 	C:\Program Files\Java\jdk-14.0.2\bin\jimage.dll
0x00007ff92d3a0000 - 0x00007ff92d584000 	C:\Windows\SYSTEM32\DBGHELP.DLL
0x00007ff92ce10000 - 0x00007ff92ce3c000 	C:\Windows\SYSTEM32\dbgcore.DLL
0x00007ff9480b0000 - 0x00007ff948132000 	C:\Windows\System32\bcryptPrimitives.dll
0x00007ff937620000 - 0x00007ff937645000 	C:\Program Files\Java\jdk-14.0.2\bin\java.dll
0x00007ff93b890000 - 0x00007ff93b8a6000 	C:\Program Files\Java\jdk-14.0.2\bin\zip.dll
0x00007ff949b20000 - 0x00007ff94a264000 	C:\Windows\System32\SHELL32.dll
0x00007ff946150000 - 0x00007ff9468e4000 	C:\Windows\SYSTEM32\windows.storage.dll
0x00007ff94a400000 - 0x00007ff94a755000 	C:\Windows\System32\combase.dll
0x00007ff947980000 - 0x00007ff9479ae000 	C:\Windows\SYSTEM32\Wldp.dll
0x00007ff949750000 - 0x00007ff9497fd000 	C:\Windows\System32\SHCORE.dll
0x00007ff9493d0000 - 0x00007ff949425000 	C:\Windows\System32\shlwapi.dll
0x00007ff947fc0000 - 0x00007ff947fdf000 	C:\Windows\SYSTEM32\profapi.dll
0x00007ff8fbb80000 - 0x00007ff8fbd19000 	C:\Program Files\Java\jdk-14.0.2\bin\awt.dll
0x00007ff9494d0000 - 0x00007ff94959d000 	C:\Windows\System32\OLEAUT32.dll
0x00007ff945550000 - 0x00007ff9455e0000 	C:\Windows\SYSTEM32\apphelp.dll
0x00007ff945d40000 - 0x00007ff945d6f000 	C:\Windows\system32\DWMAPI.DLL
0x00007ff945a50000 - 0x00007ff945aee000 	C:\Windows\system32\uxtheme.dll
0x00007ff927750000 - 0x00007ff927875000 	C:\Windows\system32\opengl32.dll
0x00007ff932060000 - 0x00007ff93208c000 	C:\Windows\SYSTEM32\GLU32.dll
0x00007ff949a00000 - 0x00007ff949b15000 	C:\Windows\System32\MSCTF.dll
0x00007ff949800000 - 0x00007ff94992a000 	C:\Windows\System32\ole32.dll
0x00007ff91e320000 - 0x00007ff91e3a2000 	C:\Program Files\Java\jdk-14.0.2\bin\freetype.dll
0x00007ff916890000 - 0x00007ff916936000 	C:\Program Files\Java\jdk-14.0.2\bin\fontmanager.dll

dbghelp: loaded successfully - version: 4.0.5 - missing functions: none
symbol engine: initialized successfully - sym options: 0x614 - pdb path: .;C:\Program Files\Java\jdk-14.0.2\bin;C:\Windows\SYSTEM32;C:\Windows\WinSxS\amd64_microsoft.windows.common-controls_6595b64144ccf1df_6.0.19041.1110_none_60b5254171f9507e;C:\Program Files\Java\jdk-14.0.2\bin\server

VM Arguments:
jvm_args: -Dfile.encoding=UTF-8 
java_command: OtoSample01
java_class_path (initial): Z:\git\Otopika\bin
Launcher Type: SUN_STANDARD

[Global flags]
     intx CICompilerCount                          = 4                                         {product} {ergonomic}
     uint ConcGCThreads                            = 3                                         {product} {ergonomic}
     uint G1ConcRefinementThreads                  = 10                                        {product} {ergonomic}
   size_t G1HeapRegionSize                         = 1048576                                   {product} {ergonomic}
    uintx GCDrainStackTargetSize                   = 64                                        {product} {ergonomic}
   size_t InitialHeapSize                          = 266338304                                 {product} {ergonomic}
   size_t MarkStackSize                            = 4194304                                   {product} {ergonomic}
   size_t MaxHeapSize                              = 4236247040                                {product} {ergonomic}
   size_t MaxNewSize                               = 2541748224                                {product} {ergonomic}
   size_t MinHeapDeltaBytes                        = 1048576                                   {product} {ergonomic}
   size_t MinHeapSize                              = 8388608                                   {product} {ergonomic}
    uintx NonNMethodCodeHeapSize                   = 5839372                                {pd product} {ergonomic}
    uintx NonProfiledCodeHeapSize                  = 122909434                              {pd product} {ergonomic}
    uintx ProfiledCodeHeapSize                     = 122909434                              {pd product} {ergonomic}
    uintx ReservedCodeCacheSize                    = 251658240                              {pd product} {ergonomic}
     bool SegmentedCodeCache                       = true                                      {product} {ergonomic}
   size_t SoftMaxHeapSize                          = 4236247040                             {manageable} {ergonomic}
     bool UseCompressedClassPointers               = true                                 {lp64_product} {ergonomic}
     bool UseCompressedOops                        = true                                 {lp64_product} {ergonomic}
     bool UseG1GC                                  = true                                      {product} {ergonomic}
     bool UseLargePagesIndividualAllocation        = false                                  {pd product} {ergonomic}

Logging:
Log output configuration:
 #0: stdout all=warning uptime,level,tags
 #1: stderr all=off uptime,level,tags

Environment Variables:
PATH=C:/Program Files/Java/jdk-14.0.2/bin/server;C:/Program Files/Java/jdk-14.0.2/bin;C:\app\client\oracle\product\19.0.0\client_1\bin;C:\Program Files\NVIDIA GPU Computing Toolkit\CUDA\v10.1\bin;C:\Program Files\NVIDIA GPU Computing Toolkit\CUDA\v10.1\libnvvp;C:\Program Files\Java\jdk-14.0.2\bin;C:\software\OpenJDK11_2\bin;C:\software\OpenJDK11\bin;C:\Windows\system32;C:\Windows;C:\Windows\System32\Wbem;C:\Windows\System32\WindowsPowerShell\v1.0\;C:\Windows\System32\OpenSSH\;C:\Program Files\dotnet\;C:\Program Files\Microsoft VS Code\bin;C:\Program Files\Docker\Docker\resources\bin;C:\ProgramData\DockerDesktop\version-bin;C:\Program Files (x86)\NVIDIA Corporation\PhysX\Common;C:\Program Files\NVIDIA Corporation\Nsight Compute 2019.4.0\;C:\Program Files\NVIDIA Corporation\NVIDIA NvDLISR;C:\Program Files\NVIDIA GPU Computing Toolkit\CUDA\v10.1\bin;C:\Program Files\NVIDIA GPU Computing Toolkit\CUDA\v10.1\extras\CUPTI\libx64;C:\Program Files\NVIDIA GPU Computing Toolkit\CUDA\v10.1\include;C:\tools\cuda\bin;C:\Program Files\MariaDB\MariaDB Connector C 64-bit\lib\;C:\Program Files\MariaDB\MariaDB Connector C 64-bit\lib\plugin\;C:\Users\200127\AppData\Local\Microsoft\WindowsApps;;C:\Users\200127\Desktop\pleiades\eclipse;
USERNAME=200127
OS=Windows_NT
PROCESSOR_IDENTIFIER=Intel64 Family 6 Model 165 Stepping 3, GenuineIntel



---------------  S Y S T E M  ---------------

OS: Windows 10 , 64 bit Build 19041 (10.0.19041.1348)
OS uptime: 34 days 19:44 hours
HyperV virtualization detected

CPU:total 12 (initial active 12) (6 cores per cpu, 2 threads per core) family 6 model 165 stepping 3, cmov, cx8, fxsr, mmx, sse, sse2, sse3, ssse3, sse4.1, sse4.2, popcnt, avx, avx2, aes, clmul, erms, 3dnowpref, lzcnt, ht, tsc, tscinvbit, bmi1, bmi2, adx, fma

Memory: 4k page, system-wide physical 16159M (10154M free)
TotalPageFile size 18591M (AvailPageFile size 12252M)
current process WorkingSet (physical memory assigned to process): 47M, peak: 47M
current process commit charge ("private bytes"): 354M, peak: 354M

vm_info: Java HotSpot(TM) 64-Bit Server VM (14.0.2+12-46) for windows-amd64 JRE (14.0.2+12-46), built on Jul  9 2020 00:35:52 by "mach5one" with MS VC++ 15.9 (VS2017)

END.
